# JRE version: Java(TM) SE Runtime Environment (8.0_101-b13) (build 1.8.0_101-b13)
# Java VM: Java HotSpot(TM) 64-Bit Server VM (25.101-b13 mixed mode bsd-amd64 compressed oops)
Heap:
 PSYoungGen      total 312320K, used 182859K [0x0000000795580000, 0x00000007aec00000, 0x00000007c0000000)
  eden space 282112K, 61% used [0x0000000795580000,0x000000079fe5c6b0,0x00000007a6900000)
  from space 30208K, 32% used [0x00000007a6900000,0x00000007a72b6588,0x00000007a8680000)
  to   space 29184K, 0% used [0x00000007acf80000,0x00000007acf80000,0x00000007aec00000)
 ParOldGen       total 169472K, used 64359K [0x0000000740000000, 0x000000074a580000, 0x0000000795580000)
  object space 169472K, 37% used [0x0000000740000000,0x0000000743ed9d30,0x000000074a580000)
 Metaspace       used 31651K, capacity 32584K, committed 32896K, reserved 1077248K
  class space    used 4176K, capacity 4399K, committed 4480K, reserved 1048576K
GC Heap History (10 events):
Event: 21.316 GC heap before
{Heap before GC invocations=10 (full 2):
 PSYoungGen      total 147968K, used 124928K [0x0000000795580000, 0x00000007a5b80000, 0x00000007c0000000)
  eden space 124928K, 100% used [0x0000000795580000,0x000000079cf80000,0x000000079cf80000)
  from space 23040K, 0% used [0x000000079cf80000,0x000000079cf80000,0x000000079e600000)
  to   space 27136K, 0% used [0x00000007a4100000,0x00000007a4100000,0x00000007a5b80000)
 ParOldGen       total 146432K, used 50137K [0x0000000740000000, 0x0000000748f00000, 0x0000000795580000)
  object space 146432K, 34% used [0x0000000740000000,0x00000007430f67b0,0x0000000748f00000)
 Metaspace       used 18550K, capacity 18958K, committed 19072K, reserved 1064960K
  class space    used 2491K, capacity 2604K, committed 2688K, reserved 1048576K
Event: 21.344 GC heap after
Heap after GC invocations=10 (full 2):
 PSYoungGen      total 237568K, used 24044K [0x0000000795580000, 0x00000007a6900000, 0x00000007c0000000)
  eden space 210432K, 0% used [0x0000000795580000,0x0000000795580000,0x00000007a2300000)
  from space 27136K, 88% used [0x00000007a4100000,0x00000007a587b1a0,0x00000007a5b80000)
  to   space 30720K, 0% used [0x00000007a2300000,0x00000007a2300000,0x00000007a4100000)
 ParOldGen       total 146432K, used 56992K [0x0000000740000000, 0x0000000748f00000, 0x0000000795580000)
  object space 146432K, 38% used [0x0000000740000000,0x00000007437a83e0,0x0000000748f00000)
 Metaspace       used 18550K, capacity 18958K, committed 19072K, reserved 1064960K
  class space    used 2491K, capacity 2604K, committed 2688K, reserved 1048576K
}
Event: 22.272 GC heap before
{Heap before GC invocations=11 (full 2):
 PSYoungGen      total 237568K, used 44765K [0x0000000795580000, 0x00000007a6900000, 0x00000007c0000000)
  eden space 210432K, 9% used [0x0000000795580000,0x00000007969bc418,0x00000007a2300000)
  from space 27136K, 88% used [0x00000007a4100000,0x00000007a587b1a0,0x00000007a5b80000)
  to   space 30720K, 0% used [0x00000007a2300000,0x00000007a2300000,0x00000007a4100000)
 ParOldGen       total 146432K, used 56992K [0x0000000740000000, 0x0000000748f00000, 0x0000000795580000)
  object space 146432K, 38% used [0x0000000740000000,0x00000007437a83e0,0x0000000748f00000)
 Metaspace       used 25148K, capacity 25778K, committed 25816K, reserved 1071104K
  class space    used 3531K, capacity 3698K, committed 3712K, reserved 1048576K
Event: 22.287 GC heap after
Heap after GC invocations=11 (full 2):
 PSYoungGen      total 241152K, used 17075K [0x0000000795580000, 0x00000007abc80000, 0x00000007c0000000)
  eden space 210432K, 0% used [0x0000000795580000,0x0000000795580000,0x00000007a2300000)
  from space 30720K, 55% used [0x00000007a2300000,0x00000007a33acc18,0x00000007a4100000)
  to   space 29696K, 0% used [0x00000007a9f80000,0x00000007a9f80000,0x00000007abc80000)
 ParOldGen       total 146432K, used 57000K [0x0000000740000000, 0x0000000748f00000, 0x0000000795580000)
  object space 146432K, 38% used [0x0000000740000000,0x00000007437aa3e0,0x0000000748f00000)
 Metaspace       used 25148K, capacity 25778K, committed 25816K, reserved 1071104K
  class space    used 3531K, capacity 3698K, committed 3712K, reserved 1048576K
}
Event: 22.287 GC heap before
{Heap before GC invocations=12 (full 3):
 PSYoungGen      total 241152K, used 17075K [0x0000000795580000, 0x00000007abc80000, 0x00000007c0000000)
  eden space 210432K, 0% used [0x0000000795580000,0x0000000795580000,0x00000007a2300000)
  from space 30720K, 55% used [0x00000007a2300000,0x00000007a33acc18,0x00000007a4100000)
  to   space 29696K, 0% used [0x00000007a9f80000,0x00000007a9f80000,0x00000007abc80000)
 ParOldGen       total 146432K, used 57000K [0x0000000740000000, 0x0000000748f00000, 0x0000000795580000)
  object space 146432K, 38% used [0x0000000740000000,0x00000007437aa3e0,0x0000000748f00000)
 Metaspace       used 25148K, capacity 25778K, committed 25816K, reserved 1071104K
  class space    used 3531K, capacity 3698K, committed 3712K, reserved 1048576K
Event: 22.366 GC heap after
Heap after GC invocations=12 (full 3):
 PSYoungGen      total 241152K, used 0K [0x0000000795580000, 0x00000007abc80000, 0x00000007c0000000)
  eden space 210432K, 0% used [0x0000000795580000,0x0000000795580000,0x00000007a2300000)
  from space 30720K, 0% used [0x00000007a2300000,0x00000007a2300000,0x00000007a4100000)
  to   space 29696K, 0% used [0x00000007a9f80000,0x00000007a9f80000,0x00000007abc80000)
 ParOldGen       total 169472K, used 61687K [0x0000000740000000, 0x000000074a580000, 0x0000000795580000)
  object space 169472K, 36% used [0x0000000740000000,0x0000000743c3dfc0,0x000000074a580000)
 Metaspace       used 25148K, capacity 25778K, committed 25816K, reserved 1071104K
  class space    used 3531K, capacity 3698K, committed 3712K, reserved 1048576K
}
Event: 24.424 GC heap before
{Heap before GC invocations=13 (full 3):
 PSYoungGen      total 241152K, used 210423K [0x0000000795580000, 0x00000007abc80000, 0x00000007c0000000)
  eden space 210432K, 99% used [0x0000000795580000,0x00000007a22fdc68,0x00000007a2300000)
  from space 30720K, 0% used [0x00000007a2300000,0x00000007a2300000,0x00000007a4100000)
  to   space 29696K, 0% used [0x00000007a9f80000,0x00000007a9f80000,0x00000007abc80000)
 ParOldGen       total 169472K, used 61687K [0x0000000740000000, 0x000000074a580000, 0x0000000795580000)
  object space 169472K, 36% used [0x0000000740000000,0x0000000743c3dfc0,0x000000074a580000)
 Metaspace       used 27973K, capacity 28672K, committed 28928K, reserved 1075200K
  class space    used 3852K, capacity 4033K, committed 4096K, reserved 1048576K
Event: 24.433 GC heap after
Heap after GC invocations=13 (full 3):
 PSYoungGen      total 283136K, used 4252K [0x0000000795580000, 0x00000007aa400000, 0x00000007c0000000)
  eden space 278528K, 0% used [0x0000000795580000,0x0000000795580000,0x00000007a6580000)
  from space 4608K, 92% used [0x00000007a9f80000,0x00000007aa3a7278,0x00000007aa400000)
  to   space 30208K, 0% used [0x00000007a6900000,0x00000007a6900000,0x00000007a8680000)
 ParOldGen       total 169472K, used 61695K [0x0000000740000000, 0x000000074a580000, 0x0000000795580000)
  object space 169472K, 36% used [0x0000000740000000,0x0000000743c3ffc0,0x000000074a580000)
 Metaspace       used 27973K, capacity 28672K, committed 28928K, reserved 1075200K
  class space    used 3852K, capacity 4033K, committed 4096K, reserved 1048576K
}
Event: 115.617 GC heap before
{Heap before GC invocations=14 (full 3):
 PSYoungGen      total 283136K, used 282780K [0x0000000795580000, 0x00000007aa400000, 0x00000007c0000000)
  eden space 278528K, 100% used [0x0000000795580000,0x00000007a6580000,0x00000007a6580000)
  from space 4608K, 92% used [0x00000007a9f80000,0x00000007aa3a7278,0x00000007aa400000)
  to   space 30208K, 0% used [0x00000007a6900000,0x00000007a6900000,0x00000007a8680000)
 ParOldGen       total 169472K, used 61695K [0x0000000740000000, 0x000000074a580000, 0x0000000795580000)
  object space 169472K, 36% used [0x0000000740000000,0x0000000743c3ffc0,0x000000074a580000)
 Metaspace       used 30946K, capacity 31828K, committed 32128K, reserved 1077248K
  class space    used 4161K, capacity 4365K, committed 4480K, reserved 1048576K
Event: 115.683 GC heap after
Heap after GC invocations=14 (full 3):
 PSYoungGen      total 312320K, used 9945K [0x0000000795580000, 0x00000007aec00000, 0x00000007c0000000)
  eden space 282112K, 0% used [0x0000000795580000,0x0000000795580000,0x00000007a6900000)
  from space 30208K, 32% used [0x00000007a6900000,0x00000007a72b6588,0x00000007a8680000)
  to   space 29184K, 0% used [0x00000007acf80000,0x00000007acf80000,0x00000007aec00000)
 ParOldGen       total 169472K, used 64359K [0x0000000740000000, 0x000000074a580000, 0x0000000795580000)
  object space 169472K, 37% used [0x0000000740000000,0x0000000743ed9d30,0x000000074a580000)
 Metaspace       used 30946K, capacity 31828K, committed 32128K, reserved 1077248K
  class space    used 4161K, capacity 4365K, committed 4480K, reserved 1048576K
}

